<?xml version="1.0" encoding="UTF-8"?>
<testsuite xmlns:xsi="http://www.w3.org/2001/XMLSchema-instance" xsi:noNamespaceSchemaLocation="https://maven.apache.org/surefire/maven-surefire-plugin/xsd/surefire-test-report-3.0.xsd" version="3.0" name="com.example.AppTest" time="0.024" tests="1" errors="0" skipped="0" failures="0">
  <properties>
    <property name="java.specification.version" value="23"/>
    <property name="sun.jnu.encoding" value="UTF-8"/>
    <property name="java.class.path" value="/Users/hrithikpuppala/kafka-log-filtering/target/test-classes:/Users/hrithikpuppala/kafka-log-filtering/target/classes:/Users/hrithikpuppala/.m2/repository/junit/junit/3.8.1/junit-3.8.1.jar:/Users/hrithikpuppala/.m2/repository/org/apache/kafka/kafka-streams/3.0.0/kafka-streams-3.0.0.jar:/Users/hrithikpuppala/.m2/repository/org/apache/kafka/kafka-clients/3.0.0/kafka-clients-3.0.0.jar:/Users/hrithikpuppala/.m2/repository/com/github/luben/zstd-jni/1.5.0-2/zstd-jni-1.5.0-2.jar:/Users/hrithikpuppala/.m2/repository/org/lz4/lz4-java/1.7.1/lz4-java-1.7.1.jar:/Users/hrithikpuppala/.m2/repository/org/xerial/snappy/snappy-java/1.1.8.1/snappy-java-1.1.8.1.jar:/Users/hrithikpuppala/.m2/repository/org/rocksdb/rocksdbjni/6.19.3/rocksdbjni-6.19.3.jar:/Users/hrithikpuppala/.m2/repository/com/fasterxml/jackson/core/jackson-annotations/2.12.3/jackson-annotations-2.12.3.jar:/Users/hrithikpuppala/.m2/repository/com/fasterxml/jackson/core/jackson-databind/2.12.3/jackson-databind-2.12.3.jar:/Users/hrithikpuppala/.m2/repository/com/fasterxml/jackson/core/jackson-core/2.12.3/jackson-core-2.12.3.jar:/Users/hrithikpuppala/.m2/repository/org/slf4j/slf4j-api/1.7.30/slf4j-api-1.7.30.jar:/Users/hrithikpuppala/.m2/repository/org/slf4j/slf4j-simple/1.7.30/slf4j-simple-1.7.30.jar:/Users/hrithikpuppala/.m2/repository/org/elasticsearch/client/elasticsearch-rest-high-level-client/7.10.2/elasticsearch-rest-high-level-client-7.10.2.jar:/Users/hrithikpuppala/.m2/repository/org/elasticsearch/elasticsearch/7.10.2/elasticsearch-7.10.2.jar:/Users/hrithikpuppala/.m2/repository/org/elasticsearch/elasticsearch-core/7.10.2/elasticsearch-core-7.10.2.jar:/Users/hrithikpuppala/.m2/repository/org/elasticsearch/elasticsearch-secure-sm/7.10.2/elasticsearch-secure-sm-7.10.2.jar:/Users/hrithikpuppala/.m2/repository/org/elasticsearch/elasticsearch-x-content/7.10.2/elasticsearch-x-content-7.10.2.jar:/Users/hrithikpuppala/.m2/repository/org/yaml/snakeyaml/1.26/snakeyaml-1.26.jar:/Users/hrithikpuppala/.m2/repository/com/fasterxml/jackson/dataformat/jackson-dataformat-smile/2.10.4/jackson-dataformat-smile-2.10.4.jar:/Users/hrithikpuppala/.m2/repository/com/fasterxml/jackson/dataformat/jackson-dataformat-yaml/2.10.4/jackson-dataformat-yaml-2.10.4.jar:/Users/hrithikpuppala/.m2/repository/com/fasterxml/jackson/dataformat/jackson-dataformat-cbor/2.10.4/jackson-dataformat-cbor-2.10.4.jar:/Users/hrithikpuppala/.m2/repository/org/elasticsearch/elasticsearch-geo/7.10.2/elasticsearch-geo-7.10.2.jar:/Users/hrithikpuppala/.m2/repository/org/apache/lucene/lucene-core/8.7.0/lucene-core-8.7.0.jar:/Users/hrithikpuppala/.m2/repository/org/apache/lucene/lucene-analyzers-common/8.7.0/lucene-analyzers-common-8.7.0.jar:/Users/hrithikpuppala/.m2/repository/org/apache/lucene/lucene-backward-codecs/8.7.0/lucene-backward-codecs-8.7.0.jar:/Users/hrithikpuppala/.m2/repository/org/apache/lucene/lucene-grouping/8.7.0/lucene-grouping-8.7.0.jar:/Users/hrithikpuppala/.m2/repository/org/apache/lucene/lucene-highlighter/8.7.0/lucene-highlighter-8.7.0.jar:/Users/hrithikpuppala/.m2/repository/org/apache/lucene/lucene-join/8.7.0/lucene-join-8.7.0.jar:/Users/hrithikpuppala/.m2/repository/org/apache/lucene/lucene-memory/8.7.0/lucene-memory-8.7.0.jar:/Users/hrithikpuppala/.m2/repository/org/apache/lucene/lucene-misc/8.7.0/lucene-misc-8.7.0.jar:/Users/hrithikpuppala/.m2/repository/org/apache/lucene/lucene-queries/8.7.0/lucene-queries-8.7.0.jar:/Users/hrithikpuppala/.m2/repository/org/apache/lucene/lucene-queryparser/8.7.0/lucene-queryparser-8.7.0.jar:/Users/hrithikpuppala/.m2/repository/org/apache/lucene/lucene-sandbox/8.7.0/lucene-sandbox-8.7.0.jar:/Users/hrithikpuppala/.m2/repository/org/apache/lucene/lucene-spatial-extras/8.7.0/lucene-spatial-extras-8.7.0.jar:/Users/hrithikpuppala/.m2/repository/org/apache/lucene/lucene-spatial3d/8.7.0/lucene-spatial3d-8.7.0.jar:/Users/hrithikpuppala/.m2/repository/org/apache/lucene/lucene-suggest/8.7.0/lucene-suggest-8.7.0.jar:/Users/hrithikpuppala/.m2/repository/org/elasticsearch/elasticsearch-cli/7.10.2/elasticsearch-cli-7.10.2.jar:/Users/hrithikpuppala/.m2/repository/net/sf/jopt-simple/jopt-simple/5.0.2/jopt-simple-5.0.2.jar:/Users/hrithikpuppala/.m2/repository/com/carrotsearch/hppc/0.8.1/hppc-0.8.1.jar:/Users/hrithikpuppala/.m2/repository/joda-time/joda-time/2.10.4/joda-time-2.10.4.jar:/Users/hrithikpuppala/.m2/repository/com/tdunning/t-digest/3.2/t-digest-3.2.jar:/Users/hrithikpuppala/.m2/repository/org/hdrhistogram/HdrHistogram/2.1.9/HdrHistogram-2.1.9.jar:/Users/hrithikpuppala/.m2/repository/org/apache/logging/log4j/log4j-api/2.11.1/log4j-api-2.11.1.jar:/Users/hrithikpuppala/.m2/repository/org/elasticsearch/jna/5.5.0/jna-5.5.0.jar:/Users/hrithikpuppala/.m2/repository/org/elasticsearch/client/elasticsearch-rest-client/7.10.2/elasticsearch-rest-client-7.10.2.jar:/Users/hrithikpuppala/.m2/repository/org/apache/httpcomponents/httpasyncclient/4.1.4/httpasyncclient-4.1.4.jar:/Users/hrithikpuppala/.m2/repository/org/apache/httpcomponents/httpcore-nio/4.4.12/httpcore-nio-4.4.12.jar:/Users/hrithikpuppala/.m2/repository/org/elasticsearch/plugin/mapper-extras-client/7.10.2/mapper-extras-client-7.10.2.jar:/Users/hrithikpuppala/.m2/repository/org/elasticsearch/plugin/parent-join-client/7.10.2/parent-join-client-7.10.2.jar:/Users/hrithikpuppala/.m2/repository/org/elasticsearch/plugin/aggs-matrix-stats-client/7.10.2/aggs-matrix-stats-client-7.10.2.jar:/Users/hrithikpuppala/.m2/repository/org/elasticsearch/plugin/rank-eval-client/7.10.2/rank-eval-client-7.10.2.jar:/Users/hrithikpuppala/.m2/repository/org/elasticsearch/plugin/lang-mustache-client/7.10.2/lang-mustache-client-7.10.2.jar:/Users/hrithikpuppala/.m2/repository/com/github/spullara/mustache/java/compiler/0.9.6/compiler-0.9.6.jar:/Users/hrithikpuppala/.m2/repository/org/apache/httpcomponents/httpclient/4.5.13/httpclient-4.5.13.jar:/Users/hrithikpuppala/.m2/repository/org/apache/httpcomponents/httpcore/4.4.13/httpcore-4.4.13.jar:/Users/hrithikpuppala/.m2/repository/commons-logging/commons-logging/1.2/commons-logging-1.2.jar:/Users/hrithikpuppala/.m2/repository/commons-codec/commons-codec/1.11/commons-codec-1.11.jar:"/>
    <property name="java.vm.vendor" value="Homebrew"/>
    <property name="sun.arch.data.model" value="64"/>
    <property name="java.vendor.url" value="https://github.com/Homebrew/homebrew-core/issues"/>
    <property name="os.name" value="Mac OS X"/>
    <property name="java.vm.specification.version" value="23"/>
    <property name="sun.java.launcher" value="SUN_STANDARD"/>
    <property name="user.country" value="US"/>
    <property name="sun.boot.library.path" value="/opt/homebrew/Cellar/openjdk/23/libexec/openjdk.jdk/Contents/Home/lib"/>
    <property name="sun.java.command" value="/Users/hrithikpuppala/kafka-log-filtering/target/surefire/surefirebooter-20241017171810290_3.jar /Users/hrithikpuppala/kafka-log-filtering/target/surefire 2024-10-17T17-18-10_252-jvmRun1 surefire-20241017171810290_1tmp surefire_0-20241017171810290_2tmp"/>
    <property name="http.nonProxyHosts" value="local|*.local|169.254/16|*.169.254/16"/>
    <property name="jdk.debug" value="release"/>
    <property name="surefire.test.class.path" value="/Users/hrithikpuppala/kafka-log-filtering/target/test-classes:/Users/hrithikpuppala/kafka-log-filtering/target/classes:/Users/hrithikpuppala/.m2/repository/junit/junit/3.8.1/junit-3.8.1.jar:/Users/hrithikpuppala/.m2/repository/org/apache/kafka/kafka-streams/3.0.0/kafka-streams-3.0.0.jar:/Users/hrithikpuppala/.m2/repository/org/apache/kafka/kafka-clients/3.0.0/kafka-clients-3.0.0.jar:/Users/hrithikpuppala/.m2/repository/com/github/luben/zstd-jni/1.5.0-2/zstd-jni-1.5.0-2.jar:/Users/hrithikpuppala/.m2/repository/org/lz4/lz4-java/1.7.1/lz4-java-1.7.1.jar:/Users/hrithikpuppala/.m2/repository/org/xerial/snappy/snappy-java/1.1.8.1/snappy-java-1.1.8.1.jar:/Users/hrithikpuppala/.m2/repository/org/rocksdb/rocksdbjni/6.19.3/rocksdbjni-6.19.3.jar:/Users/hrithikpuppala/.m2/repository/com/fasterxml/jackson/core/jackson-annotations/2.12.3/jackson-annotations-2.12.3.jar:/Users/hrithikpuppala/.m2/repository/com/fasterxml/jackson/core/jackson-databind/2.12.3/jackson-databind-2.12.3.jar:/Users/hrithikpuppala/.m2/repository/com/fasterxml/jackson/core/jackson-core/2.12.3/jackson-core-2.12.3.jar:/Users/hrithikpuppala/.m2/repository/org/slf4j/slf4j-api/1.7.30/slf4j-api-1.7.30.jar:/Users/hrithikpuppala/.m2/repository/org/slf4j/slf4j-simple/1.7.30/slf4j-simple-1.7.30.jar:/Users/hrithikpuppala/.m2/repository/org/elasticsearch/client/elasticsearch-rest-high-level-client/7.10.2/elasticsearch-rest-high-level-client-7.10.2.jar:/Users/hrithikpuppala/.m2/repository/org/elasticsearch/elasticsearch/7.10.2/elasticsearch-7.10.2.jar:/Users/hrithikpuppala/.m2/repository/org/elasticsearch/elasticsearch-core/7.10.2/elasticsearch-core-7.10.2.jar:/Users/hrithikpuppala/.m2/repository/org/elasticsearch/elasticsearch-secure-sm/7.10.2/elasticsearch-secure-sm-7.10.2.jar:/Users/hrithikpuppala/.m2/repository/org/elasticsearch/elasticsearch-x-content/7.10.2/elasticsearch-x-content-7.10.2.jar:/Users/hrithikpuppala/.m2/repository/org/yaml/snakeyaml/1.26/snakeyaml-1.26.jar:/Users/hrithikpuppala/.m2/repository/com/fasterxml/jackson/dataformat/jackson-dataformat-smile/2.10.4/jackson-dataformat-smile-2.10.4.jar:/Users/hrithikpuppala/.m2/repository/com/fasterxml/jackson/dataformat/jackson-dataformat-yaml/2.10.4/jackson-dataformat-yaml-2.10.4.jar:/Users/hrithikpuppala/.m2/repository/com/fasterxml/jackson/dataformat/jackson-dataformat-cbor/2.10.4/jackson-dataformat-cbor-2.10.4.jar:/Users/hrithikpuppala/.m2/repository/org/elasticsearch/elasticsearch-geo/7.10.2/elasticsearch-geo-7.10.2.jar:/Users/hrithikpuppala/.m2/repository/org/apache/lucene/lucene-core/8.7.0/lucene-core-8.7.0.jar:/Users/hrithikpuppala/.m2/repository/org/apache/lucene/lucene-analyzers-common/8.7.0/lucene-analyzers-common-8.7.0.jar:/Users/hrithikpuppala/.m2/repository/org/apache/lucene/lucene-backward-codecs/8.7.0/lucene-backward-codecs-8.7.0.jar:/Users/hrithikpuppala/.m2/repository/org/apache/lucene/lucene-grouping/8.7.0/lucene-grouping-8.7.0.jar:/Users/hrithikpuppala/.m2/repository/org/apache/lucene/lucene-highlighter/8.7.0/lucene-highlighter-8.7.0.jar:/Users/hrithikpuppala/.m2/repository/org/apache/lucene/lucene-join/8.7.0/lucene-join-8.7.0.jar:/Users/hrithikpuppala/.m2/repository/org/apache/lucene/lucene-memory/8.7.0/lucene-memory-8.7.0.jar:/Users/hrithikpuppala/.m2/repository/org/apache/lucene/lucene-misc/8.7.0/lucene-misc-8.7.0.jar:/Users/hrithikpuppala/.m2/repository/org/apache/lucene/lucene-queries/8.7.0/lucene-queries-8.7.0.jar:/Users/hrithikpuppala/.m2/repository/org/apache/lucene/lucene-queryparser/8.7.0/lucene-queryparser-8.7.0.jar:/Users/hrithikpuppala/.m2/repository/org/apache/lucene/lucene-sandbox/8.7.0/lucene-sandbox-8.7.0.jar:/Users/hrithikpuppala/.m2/repository/org/apache/lucene/lucene-spatial-extras/8.7.0/lucene-spatial-extras-8.7.0.jar:/Users/hrithikpuppala/.m2/repository/org/apache/lucene/lucene-spatial3d/8.7.0/lucene-spatial3d-8.7.0.jar:/Users/hrithikpuppala/.m2/repository/org/apache/lucene/lucene-suggest/8.7.0/lucene-suggest-8.7.0.jar:/Users/hrithikpuppala/.m2/repository/org/elasticsearch/elasticsearch-cli/7.10.2/elasticsearch-cli-7.10.2.jar:/Users/hrithikpuppala/.m2/repository/net/sf/jopt-simple/jopt-simple/5.0.2/jopt-simple-5.0.2.jar:/Users/hrithikpuppala/.m2/repository/com/carrotsearch/hppc/0.8.1/hppc-0.8.1.jar:/Users/hrithikpuppala/.m2/repository/joda-time/joda-time/2.10.4/joda-time-2.10.4.jar:/Users/hrithikpuppala/.m2/repository/com/tdunning/t-digest/3.2/t-digest-3.2.jar:/Users/hrithikpuppala/.m2/repository/org/hdrhistogram/HdrHistogram/2.1.9/HdrHistogram-2.1.9.jar:/Users/hrithikpuppala/.m2/repository/org/apache/logging/log4j/log4j-api/2.11.1/log4j-api-2.11.1.jar:/Users/hrithikpuppala/.m2/repository/org/elasticsearch/jna/5.5.0/jna-5.5.0.jar:/Users/hrithikpuppala/.m2/repository/org/elasticsearch/client/elasticsearch-rest-client/7.10.2/elasticsearch-rest-client-7.10.2.jar:/Users/hrithikpuppala/.m2/repository/org/apache/httpcomponents/httpasyncclient/4.1.4/httpasyncclient-4.1.4.jar:/Users/hrithikpuppala/.m2/repository/org/apache/httpcomponents/httpcore-nio/4.4.12/httpcore-nio-4.4.12.jar:/Users/hrithikpuppala/.m2/repository/org/elasticsearch/plugin/mapper-extras-client/7.10.2/mapper-extras-client-7.10.2.jar:/Users/hrithikpuppala/.m2/repository/org/elasticsearch/plugin/parent-join-client/7.10.2/parent-join-client-7.10.2.jar:/Users/hrithikpuppala/.m2/repository/org/elasticsearch/plugin/aggs-matrix-stats-client/7.10.2/aggs-matrix-stats-client-7.10.2.jar:/Users/hrithikpuppala/.m2/repository/org/elasticsearch/plugin/rank-eval-client/7.10.2/rank-eval-client-7.10.2.jar:/Users/hrithikpuppala/.m2/repository/org/elasticsearch/plugin/lang-mustache-client/7.10.2/lang-mustache-client-7.10.2.jar:/Users/hrithikpuppala/.m2/repository/com/github/spullara/mustache/java/compiler/0.9.6/compiler-0.9.6.jar:/Users/hrithikpuppala/.m2/repository/org/apache/httpcomponents/httpclient/4.5.13/httpclient-4.5.13.jar:/Users/hrithikpuppala/.m2/repository/org/apache/httpcomponents/httpcore/4.4.13/httpcore-4.4.13.jar:/Users/hrithikpuppala/.m2/repository/commons-logging/commons-logging/1.2/commons-logging-1.2.jar:/Users/hrithikpuppala/.m2/repository/commons-codec/commons-codec/1.11/commons-codec-1.11.jar:"/>
    <property name="sun.cpu.endian" value="little"/>
    <property name="user.home" value="/Users/hrithikpuppala"/>
    <property name="user.language" value="en"/>
    <property name="java.specification.vendor" value="Oracle Corporation"/>
    <property name="java.version.date" value="2024-09-17"/>
    <property name="java.home" value="/opt/homebrew/Cellar/openjdk/23/libexec/openjdk.jdk/Contents/Home"/>
    <property name="file.separator" value="/"/>
    <property name="basedir" value="/Users/hrithikpuppala/kafka-log-filtering"/>
    <property name="java.vm.compressedOopsMode" value="Zero based"/>
    <property name="line.separator" value="&#10;"/>
    <property name="java.vm.specification.vendor" value="Oracle Corporation"/>
    <property name="java.specification.name" value="Java Platform API Specification"/>
    <property name="apple.awt.application.name" value="ForkedBooter"/>
    <property name="surefire.real.class.path" value="/Users/hrithikpuppala/kafka-log-filtering/target/surefire/surefirebooter-20241017171810290_3.jar"/>
    <property name="sun.management.compiler" value="HotSpot 64-Bit Tiered Compilers"/>
    <property name="ftp.nonProxyHosts" value="local|*.local|169.254/16|*.169.254/16"/>
    <property name="java.runtime.version" value="23"/>
    <property name="user.name" value="hrithikpuppala"/>
    <property name="stdout.encoding" value="UTF-8"/>
    <property name="path.separator" value=":"/>
    <property name="os.version" value="13.2.1"/>
    <property name="java.runtime.name" value="OpenJDK Runtime Environment"/>
    <property name="file.encoding" value="UTF-8"/>
    <property name="java.vm.name" value="OpenJDK 64-Bit Server VM"/>
    <property name="java.vendor.version" value="Homebrew"/>
    <property name="localRepository" value="/Users/hrithikpuppala/.m2/repository"/>
    <property name="java.vendor.url.bug" value="https://github.com/Homebrew/homebrew-core/issues"/>
    <property name="java.io.tmpdir" value="/var/folders/zd/t8d016rd4rb_tdlygln6jk8m0000gn/T/"/>
    <property name="java.version" value="23"/>
    <property name="user.dir" value="/Users/hrithikpuppala/kafka-log-filtering"/>
    <property name="os.arch" value="aarch64"/>
    <property name="java.vm.specification.name" value="Java Virtual Machine Specification"/>
    <property name="native.encoding" value="UTF-8"/>
    <property name="java.library.path" value="/Users/hrithikpuppala/Library/Java/Extensions:/Library/Java/Extensions:/Network/Library/Java/Extensions:/System/Library/Java/Extensions:/usr/lib/java:."/>
    <property name="java.vm.info" value="mixed mode, sharing"/>
    <property name="stderr.encoding" value="UTF-8"/>
    <property name="java.vendor" value="Homebrew"/>
    <property name="java.vm.version" value="23"/>
    <property name="sun.io.unicode.encoding" value="UnicodeBig"/>
    <property name="socksNonProxyHosts" value="local|*.local|169.254/16|*.169.254/16"/>
    <property name="java.class.version" value="67.0"/>
  </properties>
  <testcase name="testApp" classname="com.example.AppTest" time="0.004"/>
</testsuite>